\BOOKMARK [0][-]{section*.1}{Acknowledgments}{}
\BOOKMARK [0][-]{chapter*.2}{Abstract}{}
\BOOKMARK [0][-]{chapter.1}{Introduction}{}
\BOOKMARK [1][-]{section.1.1}{Explosion of Biomedical data}{chapter.1}
\BOOKMARK [1][-]{section.1.2}{Need for automatic extraction of information}{chapter.1}
\BOOKMARK [1][-]{section.1.3}{Protein-subcellular localization extraction}{chapter.1}
\BOOKMARK [1][-]{section.1.4}{Existing work}{chapter.1}
\BOOKMARK [1][-]{section.1.5}{Need for a dedicated method}{chapter.1}
\BOOKMARK [0][-]{chapter.2}{LocText Corpus}{}
\BOOKMARK [1][-]{section.2.1}{Need for a separate corpus}{chapter.2}
\BOOKMARK [1][-]{section.2.2}{LocText}{chapter.2}
\BOOKMARK [1][-]{section.2.3}{Corpus annotation process and guidelines}{chapter.2}
\BOOKMARK [1][-]{section.2.4}{Inter-annotator agreement}{chapter.2}
\BOOKMARK [1][-]{section.2.5}{Important conclusions from the dataset}{chapter.2}
\BOOKMARK [1][-]{section.2.6}{Corpus statistics}{chapter.2}
\BOOKMARK [1][-]{section.2.7}{Linked Annotation}{chapter.2}
\BOOKMARK [0][-]{chapter.3}{Protein Location Relation Extractor: Materials \046 Methods}{}
\BOOKMARK [1][-]{section.3.1}{Repplication of Bjorne's work ?}{chapter.3}
\BOOKMARK [1][-]{section.3.2}{Method pipeline}{chapter.3}
\BOOKMARK [1][-]{section.3.3}{Support Vector Machines}{chapter.3}
\BOOKMARK [1][-]{section.3.4}{Machine Learning Models}{chapter.3}
\BOOKMARK [2][-]{subsection.3.4.1}{SameSentenceModel}{section.3.4}
\BOOKMARK [2][-]{subsection.3.4.2}{DiffSentenceModel}{section.3.4}
\BOOKMARK [1][-]{section.3.5}{Graph representation}{chapter.3}
\BOOKMARK [2][-]{subsection.3.5.1}{Graph representation for SameSentenceModel}{section.3.5}
\BOOKMARK [2][-]{subsection.3.5.2}{Graph representation for DiffSentenceModel}{section.3.5}
\BOOKMARK [1][-]{section.3.6}{Feature extraction}{chapter.3}
\BOOKMARK [2][-]{subsection.3.6.1}{Feature extraction for SameSentenceModel}{section.3.6}
\BOOKMARK [2][-]{subsection.3.6.2}{Feature extraction for DiffSentenceModel}{section.3.6}
\BOOKMARK [1][-]{section.3.7}{Feature Selection}{chapter.3}
\BOOKMARK [1][-]{section.3.8}{Training, Cross validation and Classification}{chapter.3}
\BOOKMARK [1][-]{section.3.9}{Experiments that worked and that did not work}{chapter.3}
\BOOKMARK [2][-]{subsection.3.9.1}{Experimentation for SameSentModel}{section.3.9}
\BOOKMARK [2][-]{subsection.3.9.2}{Experimentation for DiffSentModel}{section.3.9}
\BOOKMARK [2][-]{subsection.3.9.3}{Experimentation with different kernels}{section.3.9}
\BOOKMARK [1][-]{section.3.10}{Tools used}{chapter.3}
\BOOKMARK [0][-]{chapter.4}{Results}{}
\BOOKMARK [1][-]{section.4.1}{Evaluation Criteria}{chapter.4}
\BOOKMARK [1][-]{section.4.2}{Results for SameSentenceModel}{chapter.4}
\BOOKMARK [1][-]{section.4.3}{Results for DiffSentenceModel}{chapter.4}
\BOOKMARK [1][-]{section.4.4}{Results for CombinedModel}{chapter.4}
\BOOKMARK [1][-]{section.4.5}{Assessment of Performance evaluation results}{chapter.4}
\BOOKMARK [0][-]{chapter.5}{Conclusion}{}
\BOOKMARK [1][-]{section.5.1}{Conclusions from results}{chapter.5}
\BOOKMARK [1][-]{section.5.2}{Future work and directions}{chapter.5}
\BOOKMARK [2][-]{subsection.5.2.1}{Use of coreference}{section.5.2}
\BOOKMARK [2][-]{subsection.5.2.2}{Use of different methods like MLN}{section.5.2}
\BOOKMARK [0][-]{appendix*.17}{List of Figures}{}
\BOOKMARK [0][-]{appendix*.18}{List of Tables}{}
